<?xml version="1.0" encoding="UTF-8"?>
<!-- Generated by org.testng.reporters.JUnitXMLReporter -->
<testsuite ignored="0" hostname="saranya" failures="1" tests="1" name="Test" time="9.176" errors="0" timestamp="2024-05-19T16:59:07 IST">
  <testcase classname="failedscript.Demo" name="demo" time="0.017">
    <failure type="java.lang.AssertionError" message="null">
      <![CDATA[java.lang.AssertionError: null
at failedscript.Demo.demo(Demo.java:12)
at java.base/java.util.ArrayList.forEach(ArrayList.java:1596)
... Removed 27 stack frames]]>
    </failure>
  </testcase> <!-- demo -->
</testsuite> <!-- Test -->
