<?xml version="1.0" encoding="UTF-8"?>
<testng-results ignored="0" total="1" passed="1" failed="0" skipped="0">
  <reporter-output>
    <line>
      <![CDATA[Default suitehas successfully executed]]>
    </line>
    <line>
      <![CDATA[Browser Opened successfully]]>
    </line>
    <line>
      <![CDATA[logged in successfully]]>
    </line>
    <line>
      <![CDATA[addAddresshas successfully executed]]>
    </line>
    <line>
      <![CDATA[logged out successfull]]>
    </line>
    <line>
      <![CDATA[Browser closed successfully]]>
    </line>
  </reporter-output>
  <suite started-at="2024-05-26T17:18:40 IST" name="Default suite" finished-at="2024-05-26T17:19:02 IST" duration-ms="22556">
    <groups>
    </groups>
    <test started-at="2024-05-26T17:18:40 IST" name="Default test" finished-at="2024-05-26T17:19:02 IST" duration-ms="22556">
      <class name="demoshop.scripts.AddAddress">
        <test-method is-config="true" signature="openBrowser()[pri:0, instance:demoshop.scripts.AddAddress@776aec5c]" started-at="2024-05-26T17:18:40 IST" name="openBrowser" finished-at="2024-05-26T17:18:49 IST" duration-ms="9111" status="PASS">
          <reporter-output>
            <line>
              <![CDATA[Browser Opened successfully]]>
            </line>
          </reporter-output>
        </test-method> <!-- openBrowser -->
        <test-method is-config="true" signature="login()[pri:0, instance:demoshop.scripts.AddAddress@776aec5c]" started-at="2024-05-26T17:18:49 IST" name="login" finished-at="2024-05-26T17:18:51 IST" duration-ms="2517" status="PASS">
          <reporter-output>
            <line>
              <![CDATA[logged in successfully]]>
            </line>
          </reporter-output>
        </test-method> <!-- login -->
        <test-method signature="addAddress()[pri:0, instance:demoshop.scripts.AddAddress@776aec5c]" started-at="2024-05-26T17:18:51 IST" name="addAddress" finished-at="2024-05-26T17:19:01 IST" duration-ms="10017" status="PASS">
          <reporter-output>
            <line>
              <![CDATA[addAddresshas successfully executed]]>
            </line>
          </reporter-output>
        </test-method> <!-- addAddress -->
        <test-method is-config="true" signature="logout()[pri:0, instance:demoshop.scripts.AddAddress@776aec5c]" started-at="2024-05-26T17:19:01 IST" name="logout" finished-at="2024-05-26T17:19:02 IST" duration-ms="59" status="PASS">
          <reporter-output>
            <line>
              <![CDATA[logged out successfull]]>
            </line>
          </reporter-output>
        </test-method> <!-- logout -->
        <test-method is-config="true" signature="closeBrowser()[pri:0, instance:demoshop.scripts.AddAddress@776aec5c]" started-at="2024-05-26T17:19:02 IST" name="closeBrowser" finished-at="2024-05-26T17:19:02 IST" duration-ms="721" status="PASS">
          <reporter-output>
            <line>
              <![CDATA[Browser closed successfully]]>
            </line>
          </reporter-output>
        </test-method> <!-- closeBrowser -->
      </class> <!-- demoshop.scripts.AddAddress -->
    </test> <!-- Default test -->
  </suite> <!-- Default suite -->
</testng-results>
